Error: ENOENT, stat '/root/robotics-site/apple-touch-icon-precomposed.png'
    at Error (native)
Error: ENOENT, stat '/root/robotics-site/apple-touch-icon.png'
    at Error (native)
Error: ENOENT, stat '/root/robotics-site/apple-touch-icon-precomposed.png'
    at Error (native)
Error: ENOENT, stat '/root/robotics-site/apple-touch-icon.png'
    at Error (native)
Error: ENOENT, stat '/root/robotics-site/robots.txt'
    at Error (native)
Error: ENOENT, stat '/root/robotics-site/forum/index.php'
    at Error (native)
Error: ENOENT, stat '/root/robotics-site/robots.txt'
    at Error (native)
Error: ENOENT, stat '/root/robotics-site/calendar/index.html'
    at Error (native)
Error: ENOENT, stat '/root/robotics-site/calendar/index.html'
    at Error (native)
Error: ENOENT, stat '/root/robotics-site/robots.txt'
    at Error (native)
Error: ENOENT, stat '/root/robotics-site/static/documents/VRCRelease.pdf'
    at Error (native)
Error: ENOENT, stat '/root/robotics-site/blog'
    at Error (native)
Error: ENOENT, stat '/root/robotics-site/resources/calendar/action:month/cat_ids:9,11,12/index.html'
    at Error (native)
Error: ENOENT, stat '/root/robotics-site/mysql/scripts/setup.php'
    at Error (native)
Error: ENOENT, stat '/root/robotics-site/forum/index.html'
    at Error (native)
Error: ENOENT, stat '/root/robotics-site/robots.txt'
    at Error (native)
Error: ENOENT, stat '/root/robotics-site/5327c'
    at Error (native)
Error: ENOENT, stat '/root/robotics-site/ai1ec_event/5327a-build-meeting-6/index.html'
    at Error (native)
Error: ENOENT, stat '/root/robotics-site/ai1ec_event/5327a-design-meeting/index.html'
    at Error (native)
Error: ENOENT, stat '/root/robotics-site/ai1ec_event/5327a-driveresearch-meeting-2/index.html'
    at Error (native)
Error: ENOENT, stat '/root/robotics-site/ai1ec_event/5327a-driveresearch-meeting-2/index.html'
    at Error (native)
Error: ENOENT, stat '/root/robotics-site/ai1ec_event/5327a-driveresearch-meeting-2/index.html'
    at Error (native)
Error: ENOENT, stat '/root/robotics-site/ai1ec_event/5327a-driveresearch-meeting-5/index.html'
    at Error (native)
Error: ENOENT, stat '/root/robotics-site/ai1ec_event/5327a-meeting-12/index.html'
    at Error (native)
Error: ENOENT, stat '/root/robotics-site/ai1ec_event/5327a-meeting-14/index.html'
    at Error (native)
Error: ENOENT, stat '/root/robotics-site/ai1ec_event/5327a-meeting-15/index.html'
    at Error (native)
Error: ENOENT, stat '/root/robotics-site/ai1ec_event/5327a-meeting-19/index.html'
    at Error (native)
Error: ENOENT, stat '/root/robotics-site/ai1ec_event/5327a-meeting-2/index.html'
    at Error (native)
Error: ENOENT, stat '/root/robotics-site/ai1ec_event/5327a-meeting-8/index.html'
    at Error (native)
Error: ENOENT, stat '/root/robotics-site/ai1ec_event/5327a-meeting-9/index.html'
    at Error (native)
Error: ENOENT, stat '/root/robotics-site/ai1ec_event/5327a-programming-meeting/index.html'
    at Error (native)
Error: ENOENT, stat '/root/robotics-site/ai1ec_event/5327b-meeting-10/index.html'
    at Error (native)
Error: ENOENT, stat '/root/robotics-site/ai1ec_event/5327b-meeting-12/index.html'
    at Error (native)
Error: ENOENT, stat '/root/robotics-site/ai1ec_event/5327b-meeting-14/index.html'
    at Error (native)
Error: ENOENT, stat '/root/robotics-site/ai1ec_event/5327b-meeting-15/index.html'
    at Error (native)
Error: ENOENT, stat '/root/robotics-site/ai1ec_event/5327b-meeting-2/index.html'
    at Error (native)
Error: ENOENT, stat '/root/robotics-site/ai1ec_event/5327b-meeting-3/index.html'
    at Error (native)
Error: ENOENT, stat '/root/robotics-site/ai1ec_event/5327b-meeting-6/index.html'
    at Error (native)
Error: ENOENT, stat '/root/robotics-site/ai1ec_event/5327b-meeting-7/index.html'
    at Error (native)
Error: ENOENT, stat '/root/robotics-site/ai1ec_event/5327b-meeting-7/index.html'
    at Error (native)
Error: ENOENT, stat '/root/robotics-site/ai1ec_event/5327b-team-lunch-2/index.html'
    at Error (native)
Error: ENOENT, stat '/root/robotics-site/ai1ec_event/5327b-team-lunch/index.html'
    at Error (native)
Error: ENOENT, stat '/root/robotics-site/ai1ec_event/5327b-team-meeting-2/index.html'
    at Error (native)
Error: ENOENT, stat '/root/robotics-site/ai1ec_event/5327b-team-meeting/index.html'
    at Error (native)
Error: ENOENT, stat '/root/robotics-site/ai1ec_event/5327c-competition-review-meeting/index.html'
    at Error (native)
Error: ENOENT, stat '/root/robotics-site/ai1ec_event/5327c-meeting-10/index.html'
    at Error (native)
Error: ENOENT, stat '/root/robotics-site/ai1ec_event/5327c-meeting-11/index.html'
    at Error (native)
Error: ENOENT, stat '/root/robotics-site/ai1ec_event/5327c-meeting-14/index.html'
    at Error (native)
Error: ENOENT, stat '/root/robotics-site/ai1ec_event/5327c-meeting-2/index.html'
    at Error (native)
Error: ENOENT, stat '/root/robotics-site/ai1ec_event/5327c-meeting-21/index.html'
    at Error (native)
Error: ENOENT, stat '/root/robotics-site/ai1ec_event/5327c-meeting-23/index.html'
    at Error (native)
Error: ENOENT, stat '/root/robotics-site/ai1ec_event/5327c-meeting-23/index.html'
    at Error (native)
Error: ENOENT, stat '/root/robotics-site/ai1ec_event/5327c-meeting-24/index.html'
    at Error (native)
Error: ENOENT, stat '/root/robotics-site/ai1ec_event/5327c-meeting-26/index.html'
    at Error (native)
Error: ENOENT, stat '/root/robotics-site/ai1ec_event/5327c-meeting-26/index.html'
    at Error (native)
Error: ENOENT, stat '/root/robotics-site/ai1ec_event/5327c-meeting-27/index.html'
    at Error (native)
Error: ENOENT, stat '/root/robotics-site/ai1ec_event/5327c-meeting-3/index.html'
    at Error (native)
Error: ENOENT, stat '/root/robotics-site/ai1ec_event/5327c-meeting-31/index.html'
    at Error (native)
Error: ENOENT, stat '/root/robotics-site/ai1ec_event/5327c-meeting-31/index.html'
    at Error (native)
Error: ENOENT, stat '/root/robotics-site/ai1ec_event/5327c-meeting-33/index.html'
    at Error (native)
Error: ENOENT, stat '/root/robotics-site/ai1ec_event/5327c-meeting-36/index.html'
    at Error (native)
Error: ENOENT, stat '/root/robotics-site/ai1ec_event/5327c-meeting-37/index.html'
    at Error (native)
Error: ENOENT, stat '/root/robotics-site/ai1ec_event/5327c-meeting-4/index.html'
    at Error (native)
Error: ENOENT, stat '/root/robotics-site/ai1ec_event/5327c-meeting-42/index.html'
    at Error (native)
Error: ENOENT, stat '/root/robotics-site/ai1ec_event/5327c-meeting-43/index.html'
    at Error (native)
Error: ENOENT, stat '/root/robotics-site/ai1ec_event/5327c-meeting-43/index.html'
    at Error (native)
Error: ENOENT, stat '/root/robotics-site/ai1ec_event/5327c-meeting-44/index.html'
    at Error (native)
Error: ENOENT, stat '/root/robotics-site/ai1ec_event/5327c-meeting-48/index.html'
    at Error (native)
Error: ENOENT, stat '/root/robotics-site/ai1ec_event/5327c-meeting-51/index.html'
    at Error (native)
Error: ENOENT, stat '/root/robotics-site/ai1ec_event/5327c-meeting-6/index.html'
    at Error (native)
Error: ENOENT, stat '/root/robotics-site/ai1ec_event/5327c-meeting-6/index.html'
    at Error (native)
Error: ENOENT, stat '/root/robotics-site/ai1ec_event/5327c-meeting-8/index.html'
    at Error (native)
Error: ENOENT, stat '/root/robotics-site/ai1ec_event/5327c-meeting/index.html'
    at Error (native)
Error: ENOENT, stat '/root/robotics-site/ai1ec_event/5327c-strategy-meeting/index.html'
    at Error (native)
Error: ENOENT, stat '/root/robotics-site/ai1ec_event/battery-box-meeting/index.html'
    at Error (native)
Error: ENOENT, stat '/root/robotics-site/ai1ec_event/bellarmine-vex-competition/index.html'
    at Error (native)
Error: ENOENT, stat '/root/robotics-site/ai1ec_event/core-member-tryouts-3/index.html'
    at Error (native)
Error: ENOENT, stat '/root/robotics-site/ai1ec_event/design-process-notebook-seminar/index.html'
    at Error (native)
Error: ENOENT, stat '/root/robotics-site/ai1ec_event/interested-officer-meeting/index.html'
    at Error (native)
Error: ENOENT, stat '/root/robotics-site/ai1ec_event/interested-officer-meeting/index.html'
    at Error (native)
Error: ENOENT, stat '/root/robotics-site/ai1ec_event/middle-school-recruiting/index.html'
    at Error (native)
Error: ENOENT, stat '/root/robotics-site/ai1ec_event/modesto-vex-tournament/index.html'
    at Error (native)
Error: ENOENT, stat '/root/robotics-site/ai1ec_event/no-school-2/index.html'
    at Error (native)
Error: ENOENT, stat '/root/robotics-site/ai1ec_event/no-school/index.html'
    at Error (native)
Error: ENOENT, stat '/root/robotics-site/ai1ec_event/no-school/index.html'
    at Error (native)
Error: ENOENT, stat '/root/robotics-site/ai1ec_event/officers-meeting-2/index.html'
    at Error (native)
Error: ENOENT, stat '/root/robotics-site/ai1ec_event/officers-meeting-3/index.html'
    at Error (native)
Error: ENOENT, stat '/root/robotics-site/ai1ec_event/officers-meeting-8/index.html'
    at Error (native)
Error: ENOENT, stat '/root/robotics-site/ai1ec_event/officers-meeting/index.html'
    at Error (native)
Error: ENOENT, stat '/root/robotics-site/ai1ec_event/officers-parents-meeting/index.html'
    at Error (native)
Error: ENOENT, stat '/root/robotics-site/ai1ec_event/presidents-day/index.html'
    at Error (native)
Error: ENOENT, stat '/root/robotics-site/ai1ec_event/project-i-meeting-4/index.html'
    at Error (native)
Error: ENOENT, stat '/root/robotics-site/ai1ec_event/robotics-club-meeting-2/index.html'
    at Error (native)
Error: ENOENT, stat '/root/robotics-site/ai1ec_event/robotics-club-meeting-2/index.html'
    at Error (native)
Error: ENOENT, stat '/root/robotics-site/ai1ec_event/robotics-club-meeting-3/index.html'
    at Error (native)
Error: ENOENT, stat '/root/robotics-site/ai1ec_event/robotics-club-meeting-4/index.html'
    at Error (native)
Error: ENOENT, stat '/root/robotics-site/ai1ec_event/robotics-club-meeting/index.html'
    at Error (native)
Error: ENOENT, stat '/root/robotics-site/ai1ec_event/room-packing-4/index.html'
    at Error (native)
Error: ENOENT, stat '/root/robotics-site/ai1ec_event/room-packing-and-cleaning/index.html'
    at Error (native)
Error: ENOENT, stat '/root/robotics-site/ai1ec_event/room-packing/index.html'
    at Error (native)
Error: ENOENT, stat '/root/robotics-site/ai1ec_event/school-board-meeting/index.html'
    at Error (native)
Error: ENOENT, stat '/root/robotics-site/ai1ec_event/scouting-meeting/index.html'
    at Error (native)
Error: ENOENT, stat '/root/robotics-site/ai1ec_event/scrimmage-4/index.html'
    at Error (native)
Error: ENOENT, stat '/root/robotics-site/ai1ec_event/semester-finals/index.html'
    at Error (native)
Error: ENOENT, stat '/root/robotics-site/ai1ec_event/semester-finals/index.html'
    at Error (native)
Error: ENOENT, stat '/root/robotics-site/ai1ec_event/team-meeting/index.html'
    at Error (native)
Error: ENOENT, stat '/root/robotics-site/ai1ec_event/transport-field-to-northgate/index.html'
    at Error (native)
Error: ENOENT, stat '/root/robotics-site/ai1ec_event/vex-california-state-championship/index.html'
    at Error (native)
Error: ENOENT, stat '/root/robotics-site/ai1ec_event/vex-world-championship-2/index.html'
    at Error (native)
Error: ENOENT, stat '/root/robotics-site/ai1ec_event/vex-world-championship-2/index.html'
    at Error (native)
Error: ENOENT, stat '/root/robotics-site/ai1ec_event/vex-world-championship-3/index.html'
    at Error (native)
Error: ENOENT, stat '/root/robotics-site/ai1ec_event/vex-world-championship-4/index.html'
    at Error (native)
Error: ENOENT, stat '/root/robotics-site/ai1ec_event/vex-world-championship-4/index.html'
    at Error (native)
Error: ENOENT, stat '/root/robotics-site/ai1ec_event/worlds-division-lists-released/index.html'
    at Error (native)
Error: ENOENT, stat '/root/robotics-site/ai1ec_event/worlds-division-lists-released/index.html'
    at Error (native)
Error: ENOENT, stat '/root/robotics-site/ai1ec_event/worlds-division-lists-released/index.html'
    at Error (native)
Error: ENOENT, stat '/root/robotics-site/ai1ec_event/worlds-parent-meeting/index.html'
    at Error (native)
Error: ENOENT, stat '/root/robotics-site/ai1ec_event/yac-presentation/index.html'
    at Error (native)
Error: ENOENT, stat '/root/robotics-site/calendar/index.html'
    at Error (native)
Error: ENOENT, stat '/root/robotics-site/calendar/index.html'
    at Error (native)
Error: ENOENT, stat '/root/robotics-site/calendar/index.html'
    at Error (native)
Error: ENOENT, stat '/root/robotics-site/calendar/index.html'
    at Error (native)
Error: ENOENT, stat '/root/robotics-site/calendar/index.html'
    at Error (native)
Error: ENOENT, stat '/root/robotics-site/calendar/index.html'
    at Error (native)
Error: ENOENT, stat '/root/robotics-site/calendar/index.html'
    at Error (native)
Error: ENOENT, stat '/root/robotics-site/calendar/index.html'
    at Error (native)
Error: ENOENT, stat '/root/robotics-site/calendar/index.html'
    at Error (native)
Error: ENOENT, stat '/root/robotics-site/calendar/index.html'
    at Error (native)
Error: ENOENT, stat '/root/robotics-site/calendar/index.html'
    at Error (native)
Error: ENOENT, stat '/root/robotics-site/calendar/index.html'
    at Error (native)
Error: ENOENT, stat '/root/robotics-site/calendar/index.html'
    at Error (native)
Error: ENOENT, stat '/root/robotics-site/calendar/index.html'
    at Error (native)
Error: ENOENT, stat '/root/robotics-site/calendar/index.html'
    at Error (native)
Error: ENOENT, stat '/root/robotics-site/calendar/index.html'
    at Error (native)
Error: ENOENT, stat '/root/robotics-site/calendar/index.html'
    at Error (native)
Error: ENOENT, stat '/root/robotics-site/calendar/index.html'
    at Error (native)
Error: ENOENT, stat '/root/robotics-site/calendar/index.html'
    at Error (native)
Error: ENOENT, stat '/root/robotics-site/calendar/index.html'
    at Error (native)
Error: ENOENT, stat '/root/robotics-site/calendar/index.html'
    at Error (native)
Error: ENOENT, stat '/root/robotics-site/calendar/index.html'
    at Error (native)
Error: ENOENT, stat '/root/robotics-site/calendar/index.html'
    at Error (native)
Error: ENOENT, stat '/root/robotics-site/calendar/index.html'
    at Error (native)
Error: ENOENT, stat '/root/robotics-site/calendar/index.html'
    at Error (native)
Error: ENOENT, stat '/root/robotics-site/calendar/index.html'
    at Error (native)
Error: ENOENT, stat '/root/robotics-site/calendar/index.html'
    at Error (native)
Error: ENOENT, stat '/root/robotics-site/calendar/index.html'
    at Error (native)
Error: ENOENT, stat '/root/robotics-site/calendar/index.html'
    at Error (native)
Error: ENOENT, stat '/root/robotics-site/calendar/index.html'
    at Error (native)
Error: ENOENT, stat '/root/robotics-site/calendar/index.html'
    at Error (native)
Error: ENOENT, stat '/root/robotics-site/calendar/index.html'
    at Error (native)
Error: ENOENT, stat '/root/robotics-site/calendar/index.html'
    at Error (native)
Error: ENOENT, stat '/root/robotics-site/calendar/index.html'
    at Error (native)
Error: ENOENT, stat '/root/robotics-site/calendar/index.html'
    at Error (native)
Error: ENOENT, stat '/root/robotics-site/calendar/index.html'
    at Error (native)
Error: ENOENT, stat '/root/robotics-site/calendar/index.html'
    at Error (native)
Error: ENOENT, stat '/root/robotics-site/calendar/index.html'
    at Error (native)
Error: ENOENT, stat '/root/robotics-site/calendar/index.html'
    at Error (native)
Error: ENOENT, stat '/root/robotics-site/calendar/index.html'
    at Error (native)
Error: ENOENT, stat '/root/robotics-site/calendar/index.html'
    at Error (native)
Error: ENOENT, stat '/root/robotics-site/calendar/index.html'
    at Error (native)
Error: ENOENT, stat '/root/robotics-site/calendar/index.html'
    at Error (native)
Error: ENOENT, stat '/root/robotics-site/calendar/index.html'
    at Error (native)
Error: ENOENT, stat '/root/robotics-site/calendar/index.html'
    at Error (native)
Error: ENOENT, stat '/root/robotics-site/calendar/index.html'
    at Error (native)
Error: ENOENT, stat '/root/robotics-site/calendar/index.html'
    at Error (native)
Error: ENOENT, stat '/root/robotics-site/calendar/index.html'
    at Error (native)
Error: ENOENT, stat '/root/robotics-site/calendar/index.html'
    at Error (native)
Error: ENOENT, stat '/root/robotics-site/calendar/index.html'
    at Error (native)
Error: ENOENT, stat '/root/robotics-site/calendar/index.html'
    at Error (native)
Error: ENOENT, stat '/root/robotics-site/calendar/index.html'
    at Error (native)
Error: ENOENT, stat '/root/robotics-site/calendar/index.html'
    at Error (native)
Error: ENOENT, stat '/root/robotics-site/calendar/index.html'
    at Error (native)
Error: ENOENT, stat '/root/robotics-site/calendar/index.html'
    at Error (native)
Error: ENOENT, stat '/root/robotics-site/calendar/index.html'
    at Error (native)
Error: ENOENT, stat '/root/robotics-site/calendar/index.html'
    at Error (native)
Error: ENOENT, stat '/root/robotics-site/calendar/index.html'
    at Error (native)
Error: ENOENT, stat '/root/robotics-site/calendar/index.html'
    at Error (native)
Error: ENOENT, stat '/root/robotics-site/calendar/index.html'
    at Error (native)
Error: ENOENT, stat '/root/robotics-site/calendar/index.html'
    at Error (native)
Error: ENOENT, stat '/root/robotics-site/calendar/index.html'
    at Error (native)
Error: ENOENT, stat '/root/robotics-site/calendar/index.html'
    at Error (native)
Error: ENOENT, stat '/root/robotics-site/calendar/index.html'
    at Error (native)
Error: ENOENT, stat '/root/robotics-site/calendar/index.html'
    at Error (native)
Error: ENOENT, stat '/root/robotics-site/calendar/index.html'
    at Error (native)
Error: ENOENT, stat '/root/robotics-site/calendar/index.html'
    at Error (native)
Error: ENOENT, stat '/root/robotics-site/calendar/index.html'
    at Error (native)
Error: ENOENT, stat '/root/robotics-site/calendar/index.html'
    at Error (native)
Error: ENOENT, stat '/root/robotics-site/calendar/index.html'
    at Error (native)
Error: ENOENT, stat '/root/robotics-site/calendar/index.html'
    at Error (native)
Error: ENOENT, stat '/root/robotics-site/calendar/index.html'
    at Error (native)
Error: ENOENT, stat '/root/robotics-site/calendar/index.html'
    at Error (native)
Error: ENOENT, stat '/root/robotics-site/calendar/index.html'
    at Error (native)
Error: ENOENT, stat '/root/robotics-site/calendar/index.html'
    at Error (native)
Error: ENOENT, stat '/root/robotics-site/calendar/index.html'
    at Error (native)
Error: ENOENT, stat '/root/robotics-site/calendar/index.html'
    at Error (native)
Error: ENOENT, stat '/root/robotics-site/calendar/index.html'
    at Error (native)
Error: ENOENT, stat '/root/robotics-site/calendar/index.html'
    at Error (native)
Error: ENOENT, stat '/root/robotics-site/calendar/index.html'
    at Error (native)
Error: ENOENT, stat '/root/robotics-site/calendar/index.html'
    at Error (native)
Error: ENOENT, stat '/root/robotics-site/calendar/index.html'
    at Error (native)
Error: ENOENT, stat '/root/robotics-site/calendar/index.html'
    at Error (native)
Error: ENOENT, stat '/root/robotics-site/calendar/index.html'
    at Error (native)
Error: ENOENT, stat '/root/robotics-site/calendar/index.html'
    at Error (native)
Error: ENOENT, stat '/root/robotics-site/calendar/index.html'
    at Error (native)
Error: ENOENT, stat '/root/robotics-site/calendar/index.html'
    at Error (native)
Error: ENOENT, stat '/root/robotics-site/calendar/index.html'
    at Error (native)
Error: ENOENT, stat '/root/robotics-site/calendar/index.html'
    at Error (native)
Error: ENOENT, stat '/root/robotics-site/calendar/index.html'
    at Error (native)
Error: ENOENT, stat '/root/robotics-site/calendar/index.html'
    at Error (native)
Error: ENOENT, stat '/root/robotics-site/calendar/index.html'
    at Error (native)
Error: ENOENT, stat '/root/robotics-site/calendar/index.html'
    at Error (native)
Error: ENOENT, stat '/root/robotics-site/calendar/index.html'
    at Error (native)
Error: ENOENT, stat '/root/robotics-site/calendar/index.html'
    at Error (native)
Error: ENOENT, stat '/root/robotics-site/calendar/index.html'
    at Error (native)
Error: ENOENT, stat '/root/robotics-site/calendar/index.html'
    at Error (native)
Error: ENOENT, stat '/root/robotics-site/engrave/index.html'
    at Error (native)
Error: ENOENT, stat '/root/robotics-site/events/2011-2012/bay-area-science-festival/index.html'
    at Error (native)
Error: ENOENT, stat '/root/robotics-site/events/2011-2012/bellarmine-bay-area-vex-robotics-tournament/index.html'
    at Error (native)
Error: ENOENT, stat '/root/robotics-site/events/2011-2012/ceres-central-valley-vex-robotics-tournament/index.html'
    at Error (native)
Error: ENOENT, stat '/root/robotics-site/events/2011-2012/dublin-fll/index.html'
    at Error (native)
Error: ENOENT, stat '/root/robotics-site/events/2011-2012/halloween-party/index.html'
    at Error (native)
Error: ENOENT, stat '/root/robotics-site/events/2011-2012/international-robogames/index.html'
    at Error (native)
Error: ENOENT, stat '/root/robotics-site/events/2011-2012/national-engineers-week/index.html'
    at Error (native)
Error: ENOENT, stat '/root/robotics-site/events/2011-2012/treasure-island-vex-robotics-competition/index.html'
    at Error (native)
Error: ENOENT, stat '/root/robotics-site/events/2011-2012/vex-northgate-annual-east-bay-tournament/index.html'
    at Error (native)
Error: ENOENT, stat '/root/robotics-site/events/2011-2012/vex-tracy-norcal-tournament/index.html'
    at Error (native)
Error: ENOENT, stat '/root/robotics-site/events/2012-2013/vex-world-championship/index.html'
    at Error (native)
Error: ENOENT, stat '/root/robotics-site/events/bay-area-science-festival/index.html'
    at Error (native)
Error: ENOENT, stat '/root/robotics-site/middle-school-program/index.html'
    at Error (native)
Error: ENOENT, stat '/root/robotics-site/new-t-shirts/index.html'
    at Error (native)
Error: ENOENT, stat '/root/robotics-site/resources/links/index.html'
    at Error (native)
Error: ENOENT, stat '/root/robotics-site/resources/parents/index.html'
    at Error (native)
Error: ENOENT, stat '/root/robotics-site/sponsors/current-sponsors/index.html'
    at Error (native)
Error: ENOENT, stat '/root/robotics-site/the-making-of-this-website/index.html'
    at Error (native)
Error: ENOENT, stat '/root/robotics-site/trophy-robot-submitted/index.html'
    at Error (native)
Error: ENOENT, stat '/root/robotics-site/vex/gateway/index.html'
    at Error (native)
Error: ENOENT, stat '/root/robotics-site/vex/round-up/index.html'
    at Error (native)
Error: ENOENT, stat '/root/robotics-site/vex/sack-attack/index.html'
    at Error (native)
Error: ENOENT, stat '/root/robotics-site/vex/sack-attack/5327b/index.html'
    at Error (native)
Error: ENOENT, stat '/root/robotics-site/vex/toss-up/index.html'
    at Error (native)
Error: ENOENT, stat '/root/robotics-site/ai1ec_event/5327d-meeting-3/index.html'
    at Error (native)
Error: ENOENT, stat '/root/robotics-site/robots.txt'
    at Error (native)
Error: ENOENT, stat '/root/robotics-site/resources/calendar/action:oneday/exact_date:1406617200/cat_ids:7,8,9,16,12/index.html'
    at Error (native)
Error: ENOENT, stat '/root/robotics-site/static/documents/DriverForm.pdf'
    at Error (native)
Error: ENOENT, stat '/root/robotics-site/robots.txt'
    at Error (native)
Error: ENOENT, stat '/root/robotics-site/robots.txt'
    at Error (native)
Error: ENOENT, stat '/root/robotics-site/static/documents/CompetitionForm.pdf'
    at Error (native)
Error: ENOENT, stat '/root/robotics-site/blog'
    at Error (native)
Error: ENOENT, stat '/root/robotics-site/robots.txt'
    at Error (native)
Error: ENOENT, stat '/root/robotics-site/robots.txt'
    at Error (native)
Error: ENOENT, stat '/root/robotics-site/ai1ec_event/ceres-vex-competition/index.html'
    at Error (native)
Error: ENOENT, stat '/root/robotics-site/resources/calendar/action:posterboard/cat_ids:7,8,9,10,11,12/index.html'
    at Error (native)
Error: ENOENT, stat '/root/robotics-site/wp-login.php'
    at Error (native)
Error: ENOENT, stat '/root/robotics-site/ai1ec_event/5327b-meeting-3/index.html'
    at Error (native)
Error: ENOENT, stat '/root/robotics-site/wp-login.php'
    at Error (native)
Error: ENOENT, stat '/root/robotics-site/resources/calendar/action:oneday/exact_date:15-7-2014/index.html'
    at Error (native)
Error: ENOENT, stat '/root/robotics-site/robots.txt'
    at Error (native)
Error: ENOENT, stat '/root/robotics-site/robots.txt'
    at Error (native)
Error: ENOENT, stat '/root/robotics-site/forum/index.php'
    at Error (native)
Error: ENOENT, stat '/root/robotics-site/index.php'
    at Error (native)
Error: ENOENT, stat '/root/robotics-site/forum/index.php'
    at Error (native)
Error: ENOENT, stat '/root/robotics-site/index.php'
    at Error (native)
Error: ENOENT, stat '/root/robotics-site/robots.txt'
    at Error (native)
Error: ENOENT, stat '/root/robotics-site/robots.txt'
    at Error (native)
Error: ENOENT, stat '/root/robotics-site/forum/index.php'
    at Error (native)
Error: ENOENT, stat '/root/robotics-site/index.php'
    at Error (native)
Error: ENOENT, stat '/root/robotics-site/forum/index.php'
    at Error (native)
Error: ENOENT, stat '/root/robotics-site/index.php'
    at Error (native)
Error: ENOENT, stat '/root/robotics-site/robots.txt'
    at Error (native)
Error: ENOENT, stat '/root/robotics-site/robots.txt'
    at Error (native)
Error: ENOENT, stat '/root/robotics-site/blog'
    at Error (native)
Error: ENOENT, stat '/root/robotics-site/static/documents/CompetitionForm.pdf'
    at Error (native)
Error: ENOENT, stat '/root/robotics-site/static/documents/VRCRelease.pdf'
    at Error (native)
Error: ENOENT, stat '/root/robotics-site/static/documents/DriverForm.pdf'
    at Error (native)
Error: ENOENT, stat '/root/robotics-site/w00tw00t.at.ISC.SANS.DFind:)'
    at Error (native)
Error: ENOENT, stat '/root/robotics-site/robots.txt'
    at Error (native)
Error: ENOENT, stat '/root/robotics-site/blog'
    at Error (native)
Error: ENOENT, stat '/root/robotics-site/favicon.ico'
    at Error (native)
Error: ENOENT, stat '/root/robotics-site/resources/calendar/action:month/cat_ids:7,8,9,16,11,12/index.html'
    at Error (native)
